<?xml version="1.0" encoding="UTF-8"?>
<!-- Generated by org.testng.reporters.JUnitReportReporter -->
<testsuite hostname="LAPTOP-EQ8DSET5" failures="0" tests="10" name="tests.automationScenes" time="229.706" errors="1" timestamp="2023-05-15T22:23:07 CET" skipped="6">
  <testcase classname="tests.automationScenes" name="CreationSite" time="17.659">
    <skipped/>
  </testcase> <!-- CreationSite -->
  <system-out/>
  <testcase classname="tests.automationScenes" name="addFav" time="102.386"/>
  <system-out/>
  <testcase classname="tests.automationScenes" name="editDeviceName" time="13.749">
    <skipped/>
  </testcase> <!-- editDeviceName -->
  <system-out/>
  <testcase classname="tests.automationScenes" name="login" time="0.000">
    <skipped/>
  </testcase> <!-- login -->
  <system-out/>
  <testcase classname="tests.automationScenes" name="addAutomationOnce" time="5.665"/>
  <system-out/>
  <testcase classname="tests.automationScenes" name="removeFav" time="0.000">
    <skipped/>
  </testcase> <!-- removeFav -->
  <system-out/>
  <testcase classname="tests.automationScenes" name="Creation_Area" time="0.000">
    <skipped/>
  </testcase> <!-- Creation_Area -->
  <system-out/>
  <testcase classname="tests.automationScenes" name="getStatus" time="0.000">
    <skipped/>
  </testcase> <!-- getStatus -->
  <system-out/>
  <testcase classname="tests.automationScenes" name="addDevice" time="90.229"/>
  <system-out/>
  <testcase classname="tests.automationScenes" name="tearDown" time="0.018">
    <error message="Connection refused: no further information
Build info: version: &#039;4.9.1&#039;, revision: &#039;eb2032df7f&#039;
System info: os.name: &#039;Windows 10&#039;, os.arch: &#039;amd64&#039;, os.version: &#039;10.0&#039;, java.version: &#039;17&#039;
Driver info: io.appium.java_client.android.AndroidDriver
Command: [38ded34d-bf5f-49ec-b307-93a14dbc20d0, quit {}]
Capabilities {appium:app: C:\Users\hoove\AppData\Loca..., appium:appPackage: com.sofia.commendo, appium:databaseEnabled: false, appium:desired: {app: C:\Users\hoove\AppData\Loca..., deviceName: Galaxy A11, newCommandTimeout: 60, platformName: ANDROID, platformVersion: 10, udid: R9JN90M9XXJ}, appium:deviceApiLevel: 29, appium:deviceManufacturer: samsung, appium:deviceModel: SM-A115M, appium:deviceName: R9JN90M9XXJ, appium:deviceScreenDensity: 280, appium:deviceScreenSize: 720x1560, appium:deviceUDID: R9JN90M9XXJ, appium:javascriptEnabled: true, appium:locationContextEnabled: false, appium:networkConnectionEnabled: true, appium:newCommandTimeout: 60, appium:pixelRatio: 1.75, appium:platformVersion: 10, appium:statBarHeight: 65, appium:takesScreenshot: true, appium:udid: R9JN90M9XXJ, appium:viewportRect: {height: 1346, left: 0, top: 65, width: 720}, appium:warnings: {}, appium:webStorageEnabled: false, platformName: ANDROID}
Session ID: 38ded34d-bf5f-49ec-b307-93a14dbc20d0" type="org.openqa.selenium.WebDriverException">
      <![CDATA[org.openqa.selenium.WebDriverException: Connection refused: no further information
Build info: version: '4.9.1', revision: 'eb2032df7f'
System info: os.name: 'Windows 10', os.arch: 'amd64', os.version: '10.0', java.version: '17'
Driver info: io.appium.java_client.android.AndroidDriver
Command: [38ded34d-bf5f-49ec-b307-93a14dbc20d0, quit {}]
Capabilities {appium:app: C:\Users\hoove\AppData\Loca..., appium:appPackage: com.sofia.commendo, appium:databaseEnabled: false, appium:desired: {app: C:\Users\hoove\AppData\Loca..., deviceName: Galaxy A11, newCommandTimeout: 60, platformName: ANDROID, platformVersion: 10, udid: R9JN90M9XXJ}, appium:deviceApiLevel: 29, appium:deviceManufacturer: samsung, appium:deviceModel: SM-A115M, appium:deviceName: R9JN90M9XXJ, appium:deviceScreenDensity: 280, appium:deviceScreenSize: 720x1560, appium:deviceUDID: R9JN90M9XXJ, appium:javascriptEnabled: true, appium:locationContextEnabled: false, appium:networkConnectionEnabled: true, appium:newCommandTimeout: 60, appium:pixelRatio: 1.75, appium:platformVersion: 10, appium:statBarHeight: 65, appium:takesScreenshot: true, appium:udid: R9JN90M9XXJ, appium:viewportRect: {height: 1346, left: 0, top: 65, width: 720}, appium:warnings: {}, appium:webStorageEnabled: false, platformName: ANDROID}
Session ID: 38ded34d-bf5f-49ec-b307-93a14dbc20d0
at io.appium.java_client.remote.AppiumCommandExecutor.lambda$execute$4(AppiumCommandExecutor.java:274)
at java.base/java.util.Optional.orElseGet(Optional.java:364)
at io.appium.java_client.remote.AppiumCommandExecutor.execute(AppiumCommandExecutor.java:273)
at org.openqa.selenium.remote.RemoteWebDriver.execute(RemoteWebDriver.java:543)
at org.openqa.selenium.remote.RemoteWebDriver.execute(RemoteWebDriver.java:598)
at io.appium.java_client.AppiumDriver.execute(AppiumDriver.java:272)
at org.openqa.selenium.remote.RemoteWebDriver.quit(RemoteWebDriver.java:445)
at tests.automationScenes.tearDown(automationScenes.java:58)
at java.base/jdk.internal.reflect.NativeMethodAccessorImpl.invoke0(Native Method)
at java.base/jdk.internal.reflect.NativeMethodAccessorImpl.invoke(NativeMethodAccessorImpl.java:77)
at java.base/jdk.internal.reflect.DelegatingMethodAccessorImpl.invoke(DelegatingMethodAccessorImpl.java:43)
at java.base/java.lang.reflect.Method.invoke(Method.java:568)
at org.testng.internal.invokers.MethodInvocationHelper.invokeMethod(MethodInvocationHelper.java:139)
at org.testng.internal.invokers.MethodInvocationHelper.invokeMethodConsideringTimeout(MethodInvocationHelper.java:69)
at org.testng.internal.invokers.ConfigInvoker.invokeConfigurationMethod(ConfigInvoker.java:361)
at org.testng.internal.invokers.ConfigInvoker.invokeConfigurations(ConfigInvoker.java:296)
at org.testng.internal.invokers.TestInvoker.runConfigMethods(TestInvoker.java:823)
at org.testng.internal.invokers.TestInvoker.runAfterConfigurations(TestInvoker.java:792)
at org.testng.internal.invokers.TestInvoker.invokeMethod(TestInvoker.java:768)
at org.testng.internal.invokers.TestInvoker.invokeTestMethod(TestInvoker.java:221)
at org.testng.internal.invokers.MethodRunner.runInSequence(MethodRunner.java:50)
at org.testng.internal.invokers.TestInvoker$MethodInvocationAgent.invoke(TestInvoker.java:969)
at org.testng.internal.invokers.TestInvoker.invokeTestMethods(TestInvoker.java:194)
at org.testng.internal.invokers.TestMethodWorker.invokeTestMethods(TestMethodWorker.java:148)
at org.testng.internal.invokers.TestMethodWorker.run(TestMethodWorker.java:128)
at java.base/java.util.ArrayList.forEach(ArrayList.java:1511)
at org.testng.TestRunner.privateRun(TestRunner.java:829)
at org.testng.TestRunner.run(TestRunner.java:602)
at org.testng.SuiteRunner.runTest(SuiteRunner.java:437)
at org.testng.SuiteRunner.runSequentially(SuiteRunner.java:431)
at org.testng.SuiteRunner.privateRun(SuiteRunner.java:391)
at org.testng.SuiteRunner.run(SuiteRunner.java:330)
at org.testng.SuiteRunnerWorker.runSuite(SuiteRunnerWorker.java:52)
at org.testng.SuiteRunnerWorker.run(SuiteRunnerWorker.java:95)
at org.testng.TestNG.runSuitesSequentially(TestNG.java:1256)
at org.testng.TestNG.runSuitesLocally(TestNG.java:1176)
at org.testng.TestNG.runSuites(TestNG.java:1099)
at org.testng.TestNG.run(TestNG.java:1067)
at org.testng.remote.AbstractRemoteTestNG.run(AbstractRemoteTestNG.java:115)
at org.testng.remote.RemoteTestNG.initAndRun(RemoteTestNG.java:251)
at org.testng.remote.RemoteTestNG.main(RemoteTestNG.java:77)
Caused by: java.net.ConnectException: Connection refused: no further information
at java.base/sun.nio.ch.Net.pollConnect(Native Method)
at java.base/sun.nio.ch.Net.pollConnectNow(Net.java:672)
at java.base/sun.nio.ch.SocketChannelImpl.finishConnect(SocketChannelImpl.java:946)
at io.netty.channel.socket.nio.NioSocketChannel.doFinishConnect(NioSocketChannel.java:337)
at io.netty.channel.nio.AbstractNioChannel$AbstractNioUnsafe.finishConnect(AbstractNioChannel.java:334)
at io.netty.channel.nio.NioEventLoop.processSelectedKey(NioEventLoop.java:776)
at io.netty.channel.nio.NioEventLoop.processSelectedKeysOptimized(NioEventLoop.java:724)
at io.netty.channel.nio.NioEventLoop.processSelectedKeys(NioEventLoop.java:650)
at io.netty.channel.nio.NioEventLoop.run(NioEventLoop.java:562)
at io.netty.util.concurrent.SingleThreadEventExecutor$4.run(SingleThreadEventExecutor.java:997)
at io.netty.util.internal.ThreadExecutorMap$2.run(ThreadExecutorMap.java:74)
at io.netty.util.concurrent.FastThreadLocalRunnable.run(FastThreadLocalRunnable.java:30)
at java.base/java.lang.Thread.run(Thread.java:833)
]]>
    </error>
  </testcase> <!-- tearDown -->
  <system-out/>
</testsuite> <!-- tests.automationScenes -->
